# Logfile created on 2018-09-23 15:54:34 -0700 by logger.rb/54362
  INFO ---------------------------------------------------------------------------
  INFO START 2018-09-23 15:54:34 -0700 cap staging deploy:setup
  INFO ---------------------------------------------------------------------------
  INFO ---------------------------------------------------------------------------
  INFO START 2018-09-23 15:54:52 -0700 cap staging deploy:setup
  INFO ---------------------------------------------------------------------------
  INFO ---------------------------------------------------------------------------
  INFO START 2018-09-23 15:59:48 -0700 cap staging deploy:setup
  INFO ---------------------------------------------------------------------------
  INFO ---------------------------------------------------------------------------
  INFO START 2018-09-23 15:59:55 -0700 cap staging deploy:check
  INFO ---------------------------------------------------------------------------
  INFO [1f1df838] Running /usr/bin/env mkdir -p /tmp as deployer@35.167.112.143
 DEBUG [1f1df838] Command: /usr/bin/env mkdir -p /tmp
  INFO [52e6f59f] Finished in 0.595 seconds with exit status 0 (successful).
 DEBUG Uploading /tmp/git-ssh-hello-rails-staging-ramesh.sh 0.0%
  INFO Uploading /tmp/git-ssh-hello-rails-staging-ramesh.sh 100.0%
  INFO [488e854c] Running /usr/bin/env chmod 700 /tmp/git-ssh-hello-rails-staging-ramesh.sh as deployer@35.167.112.143
 DEBUG [488e854c] Command: /usr/bin/env chmod 700 /tmp/git-ssh-hello-rails-staging-ramesh.sh
  INFO [e4d905f1] Finished in 0.143 seconds with exit status 0 (successful).
  INFO [5732e54c] Running /usr/bin/env git ls-remote git@github.com:rdoddi-pro/hello-rails.git HEAD as deployer@35.167.112.143
 DEBUG [5732e54c] Command: ( export GIT_ASKPASS="/bin/echo" GIT_SSH="/tmp/git-ssh-hello-rails-staging-ramesh.sh" ; /usr/bin/env git ls-remote git@github.com:rdoddi-pro/hello-rails.git HEAD )
 DEBUG [1c90cbb9] 	Warning: Permanently added 'github.com,192.30.255.112' (RSA) to the list of known hosts.
 DEBUG [1c90cbb9] 	Permission denied (publickey).
 DEBUG [1c90cbb9] 	fatal: Could not read from remote repository.

Please make sure you have the correct access rights
and the repository exists.
